{
  "RSpec": {
    "coverage": {
      "/home/rof/clone/lib/simplecov-badge.rb": [
        null,
        1,
        0,
        null,
        null,
        1,
        null,
        1,
        null,
        1,
        null,
        null,
        null,
        null,
        null,
        null,
        null,
        null,
        null,
        1,
        20,
        20,
        20,
        20,
        20,
        20,
        null,
        null,
        1,
        3,
        3,
        2,
        2,
        2,
        2,
        1,
        1,
        1,
        null,
        null,
        null,
        1,
        null,
        1,
        1,
        1,
        1,
        null,
        null,
        1,
        1,
        2,
        2,
        2,
        null,
        null,
        null,
        1,
        3,
        3,
        null,
        null,
        null,
        null,
        null,
        null,
        null,
        null,
        null,
        null,
        3,
        null,
        null,
        null,
        null,
        null,
        null,
        null,
        null,
        null,
        3,
        null,
        null,
        null,
        null,
        null,
        null,
        null,
        null,
        null,
        null,
        3,
        null,
        null,
        null,
        null,
        null,
        null,
        null,
        null,
        3,
        null,
        null,
        3,
        null,
        null,
        3,
        3,
        18,
        16,
        15,
        15,
        null,
        null,
        3,
        3,
        null,
        null,
        null,
        1,
        0,
        null,
        null,
        null,
        null,
        null,
        0,
        0,
        null,
        null,
        null,
        1,
        54,
        36,
        null,
        18,
        null,
        null,
        null,
        null,
        1,
        0,
        0,
        null,
        null,
        null,
        1,
        15,
        null,
        null,
        1,
        2,
        null,
        null,
        1,
        0,
        null,
        null,
        1,
        5,
        1,
        4,
        1,
        3,
        1,
        2,
        1,
        null,
        1,
        null,
        null,
        null,
        1,
        5,
        2,
        3,
        1,
        2,
        1,
        null,
        1,
        null,
        null,
        null,
        1,
        2,
        1,
        null,
        1,
        null,
        null,
        null,
        1,
        2,
        1,
        null,
        1,
        null,
        null,
        null,
        1,
        3,
        1,
        2,
        1,
        null,
        1,
        null,
        null,
        null,
        1,
        3,
        1,
        2,
        1,
        null,
        1,
        null,
        null,
        null,
        null,
        1,
        1
      ]
    },
    "timestamp": 1368861601
  }
}
